Using pre-set license
Built from '2020.2/staging' branch; Version is '2020.2.6f1 (8a2143876886) revision 9052483'; Using compiler version '192528614'; Build Type 'Release'
OS: 'Windows 10 Home; OS build 19042.1288; Version 2009; 64bit' Language: 'en' Physical Memory: 4013 MB
BatchMode: 1, IsHumanControllingUs: 0, StartBugReporterOnCrash: 0, Is64bit: 1, IsPro: 0

 COMMAND LINE ARGUMENTS:
C:\Program Files\Unity\Hub\Editor\2020.2.6f1\Editor\Unity.exe
-adb2
-batchMode
-noUpm
-name
AssetImportWorker11
-projectPath
D:/magic escape vr last version/Magic-Escape-VR-main-SHANE-DAVID-COLIN/Magic-Escape-VR-main
-logFile
Logs/AssetImportWorker11.log
-srvPort
52793
Successfully changed project path to: D:/magic escape vr last version/Magic-Escape-VR-main-SHANE-DAVID-COLIN/Magic-Escape-VR-main
D:/magic escape vr last version/Magic-Escape-VR-main-SHANE-DAVID-COLIN/Magic-Escape-VR-main
Using Asset Import Pipeline V2.
Refreshing native plugins compatible for Editor in 361.94 ms, found 6 plugins.
Preloading 1 native plugins for Editor in 3.63 ms.
Initialize engine version: 2020.2.6f1 (8a2143876886)
[Subsystems] Discovering subsystems at path C:/Program Files/Unity/Hub/Editor/2020.2.6f1/Editor/Data/Resources/UnitySubsystems
[Subsystems] Discovering subsystems at path D:/magic escape vr last version/Magic-Escape-VR-main-SHANE-DAVID-COLIN/Magic-Escape-VR-main/Assets
GfxDevice: creating device client; threaded=0
Direct3D:
    Version:  Direct3D 11.0 [level 11.1]
    Renderer: Intel(R) HD Graphics 615 (ID=0x591e)
    Vendor:   
    VRAM:     2006 MB
    Driver:   27.20.100.8682
Shader 'Universal Render Pipeline/Particles/Lit': fallback shader 'Universal Render Pipeline/Particles/SimpleLit' not found
Initialize mono
Mono path[0] = 'C:/Program Files/Unity/Hub/Editor/2020.2.6f1/Editor/Data/Managed'
Mono path[1] = 'C:/Program Files/Unity/Hub/Editor/2020.2.6f1/Editor/Data/MonoBleedingEdge/lib/mono/unityjit'
Mono config path = 'C:/Program Files/Unity/Hub/Editor/2020.2.6f1/Editor/Data/MonoBleedingEdge/etc'
Using monoOptions --debugger-agent=transport=dt_socket,embedding=1,server=y,suspend=n,address=127.0.0.1:56160
Begin MonoManager ReloadAssembly
Registering precompiled unity dll's ...
Register platform support module: C:/Program Files/Unity/Hub/Editor/2020.2.6f1/Editor/Data/PlaybackEngines/WindowsStandaloneSupport/UnityEditor.WindowsStandalone.Extensions.dll
Registered in 0.005343 seconds.
Native extension for WindowsStandalone target not found
Refreshing native plugins compatible for Editor in 175.40 ms, found 6 plugins.
Preloading 1 native plugins for Editor in 0.30 ms.
Invoked RoslynAnalysisRunner static constructor.
RoslynAnalysisRunner will not be running.
RoslynAnalysisRunner has terminated.
Mono: successfully reloaded assembly
- Completed reload, in  5.365 seconds
Platform modules already initialized, skipping
Registering precompiled user dll's ...
Registered in 0.025094 seconds.
Begin MonoManager ReloadAssembly
Native extension for WindowsStandalone target not found
Refreshing native plugins compatible for Editor in 225.56 ms, found 6 plugins.
Preloading 1 native plugins for Editor in 0.34 ms.
Invoked RoslynAnalysisRunner static constructor.
RoslynAnalysisRunner will not be running.
RoslynAnalysisRunner has terminated.
[XR] OculusXRPlugin: registering subsystems
[XR] Unable to register display lifecyle provider: [1]
[XR] Oculus Input lifecycle provider registered.
[XR] Unable to register input lifecyle provider: [1]
NullReferenceException: Object reference not set to an instance of an object
  at Unity.XR.Oculus.OculusLoader.AssetPathToAbsolutePath (System.String assetPath) [0x00048] in C:\Users\cmcel\Downloads\Magic-Escape-VR-main-SHANE-DAVID (1)\Magic-Escape-VR-main\Library\PackageCache\com.unity.xr.oculus@1.7.0\Runtime\OculusLoader.cs:243 
  at Unity.XR.Oculus.OculusLoader.EditorLoadOVRPlugin () [0x0007b] in C:\Users\cmcel\Downloads\Magic-Escape-VR-main-SHANE-DAVID (1)\Magic-Escape-VR-main\Library\PackageCache\com.unity.xr.oculus@1.7.0\Runtime\OculusLoader.cs:228 

(Filename: C:/Users/cmcel/Downloads/Magic-Escape-VR-main-SHANE-DAVID (1)/Magic-Escape-VR-main/Library/PackageCache/com.unity.xr.oculus@1.7.0/Runtime/OculusLoader.cs Line: 243)

Mono: successfully reloaded assembly
- Completed reload, in 11.279 seconds
Platform modules already initialized, skipping
========================================================================
Worker process is ready to serve import requests
Shader 'Universal Render Pipeline/Particles/Lit': fallback shader 'Universal Render Pipeline/Particles/SimpleLit' not found
Launched and connected shader compiler UnityShaderCompiler.exe after 0.36 seconds
Refreshing native plugins compatible for Editor in 4.22 ms, found 6 plugins.
Preloading 1 native plugins for Editor in 0.53 ms.
Unloading 3145 Unused Serialized files (Serialized files now loaded: 0)
System memory in use before: 215.2 MB.
System memory in use after: 215.4 MB.

Unloading 72 unused Assets to reduce memory usage. Loaded Objects now: 3538.
Total: 9.496900 ms (FindLiveObjects: 0.634800 ms CreateObjectMapping: 0.340400 ms MarkObjects: 7.760400 ms  DeleteObjects: 0.757000 ms)

========================================================================
Received Import Request.
  path: Assets/Scenes/GameScene_URP_Shane.unity
  artifactKey: Guid(21d43f4e292bb6648b95d34560db33a3) Importer(815301076,1909f56bfc062723c751e8b465ee728b)
Start importing Assets/Scenes/GameScene_URP_Shane.unity using Guid(21d43f4e292bb6648b95d34560db33a3) Importer(815301076,1909f56bfc062723c751e8b465ee728b)  -> (artifact id: '036b145aea3a5bb586bba6ee0bdd7066') in 0.245722 seconds
  Import took 0.277233 seconds .

========================================================================
Received Import Request.
  Time since last request: 3024.505179 seconds.
  path: Assets/Prefabs/_STADIUM.prefab
  artifactKey: Guid(22d231a4d437ae646b85630b6366b5f9) Importer(815301076,1909f56bfc062723c751e8b465ee728b)
Start importing Assets/Prefabs/_STADIUM.prefab using Guid(22d231a4d437ae646b85630b6366b5f9) Importer(815301076,1909f56bfc062723c751e8b465ee728b)  -> (artifact id: 'a1d0cac6af725cc12a907cc562e9150f') in 7.421562 seconds
  Import took 8.133204 seconds .

========================================================================
Received Import Request.
  Time since last request: 0.004580 seconds.
  path: Assets/Prefabs/BeaterBat.prefab
  artifactKey: Guid(fbf105f354cf07f40b5b521feb6d6be6) Importer(815301076,1909f56bfc062723c751e8b465ee728b)
Start importing Assets/Prefabs/BeaterBat.prefab using Guid(fbf105f354cf07f40b5b521feb6d6be6) Importer(815301076,1909f56bfc062723c751e8b465ee728b)  -> (artifact id: 'c553b379cb5b87543fb2c549a442507b') in 0.476744 seconds
  Import took 0.504627 seconds .

========================================================================
Received Import Request.
  Time since last request: 0.001039 seconds.
  path: Assets/Prefabs
  artifactKey: Guid(38f9060da6f4fb8409925d73a1f97a34) Importer(815301076,1909f56bfc062723c751e8b465ee728b)
Start importing Assets/Prefabs using Guid(38f9060da6f4fb8409925d73a1f97a34) Importer(815301076,1909f56bfc062723c751e8b465ee728b)  -> (artifact id: '5cbb2eec21b38800fa32940f94e8b886') in 0.023964 seconds
  Import took 0.047801 seconds .

========================================================================
Received Import Request.
  Time since last request: 0.001445 seconds.
  path: Assets/Prefabs/Bludger.prefab
  artifactKey: Guid(8e7f16de93403f84ea865905c4567417) Importer(815301076,1909f56bfc062723c751e8b465ee728b)
Start importing Assets/Prefabs/Bludger.prefab using Guid(8e7f16de93403f84ea865905c4567417) Importer(815301076,1909f56bfc062723c751e8b465ee728b)  -> (artifact id: '400e75f974d57a21002739600f8fb158') in 0.641362 seconds
  Import took 0.657584 seconds .

========================================================================
Received Import Request.
  Time since last request: 59.794939 seconds.
  path: Assets/Prefabs/back 1.png
  artifactKey: Guid(9b24101366428e24a8ab948ad4ab04d6) Importer(815301076,1909f56bfc062723c751e8b465ee728b)
Start importing Assets/Prefabs/back 1.png using Guid(9b24101366428e24a8ab948ad4ab04d6) Importer(815301076,1909f56bfc062723c751e8b465ee728b)  -> (artifact id: '7a1df1fb2399fea25d447d712848853b') in 0.132682 seconds
  Import took 0.172370 seconds .

========================================================================
Received Import Request.
  Time since last request: 0.000567 seconds.
  path: Assets/Prefabs/back 2.png
  artifactKey: Guid(1feb0961585c8b34facb30348ab950f4) Importer(815301076,1909f56bfc062723c751e8b465ee728b)
Start importing Assets/Prefabs/back 2.png using Guid(1feb0961585c8b34facb30348ab950f4) Importer(815301076,1909f56bfc062723c751e8b465ee728b)  -> (artifact id: '212324f4b285f6fe591aeda17bf07602') in 0.040331 seconds
  Import took 0.058838 seconds .

========================================================================
Received Import Request.
  Time since last request: 0.001185 seconds.
  path: Assets/Prefabs/green x.png
  artifactKey: Guid(cc3c9f2a4ea39cc45af9cc03989d2849) Importer(815301076,1909f56bfc062723c751e8b465ee728b)
Start importing Assets/Prefabs/green x.png using Guid(cc3c9f2a4ea39cc45af9cc03989d2849) Importer(815301076,1909f56bfc062723c751e8b465ee728b)  -> (artifact id: 'c7a37869501a9c5d5687977cf09f66dd') in 0.056601 seconds
  Import took 0.072905 seconds .

========================================================================
Received Import Request.
  Time since last request: 0.000444 seconds.
  path: Assets/Prefabs/red x.png
  artifactKey: Guid(ae83b2bde42433046ad5d4ae32cc9c80) Importer(815301076,1909f56bfc062723c751e8b465ee728b)
Start importing Assets/Prefabs/red x.png using Guid(ae83b2bde42433046ad5d4ae32cc9c80) Importer(815301076,1909f56bfc062723c751e8b465ee728b)  -> (artifact id: 'adbea68765b0f1a4b357d9414e4a0b35') in 0.106570 seconds
  Import took 0.134824 seconds .

========================================================================
Received Import Request.
  Time since last request: 74.441782 seconds.
  path: Assets/Prefabs/back 2.png
  artifactKey: Guid(1feb0961585c8b34facb30348ab950f4) Importer(815301076,1909f56bfc062723c751e8b465ee728b)
Start importing Assets/Prefabs/back 2.png using Guid(1feb0961585c8b34facb30348ab950f4) Importer(815301076,1909f56bfc062723c751e8b465ee728b)  -> (artifact id: '6c06e6351577e4b353001d181eb6d7c9') in 0.142151 seconds
  Import took 0.191548 seconds .

========================================================================
Received Import Request.
  Time since last request: 11.629518 seconds.
  path: Assets/Prefabs/green x.png
  artifactKey: Guid(cc3c9f2a4ea39cc45af9cc03989d2849) Importer(815301076,1909f56bfc062723c751e8b465ee728b)
Start importing Assets/Prefabs/green x.png using Guid(cc3c9f2a4ea39cc45af9cc03989d2849) Importer(815301076,1909f56bfc062723c751e8b465ee728b)  -> (artifact id: '783b5726536102ecb9c9f54b7187cbf6') in 0.068875 seconds
  Import took 0.095092 seconds .

========================================================================
Received Import Request.
  Time since last request: 0.003240 seconds.
  path: Assets/Prefabs/green x.png
  artifactKey: Guid(cc3c9f2a4ea39cc45af9cc03989d2849) Importer(815301076,1909f56bfc062723c751e8b465ee728b)
Start importing Assets/Prefabs/green x.png using Guid(cc3c9f2a4ea39cc45af9cc03989d2849) Importer(815301076,1909f56bfc062723c751e8b465ee728b)  -> (artifact id: '783b5726536102ecb9c9f54b7187cbf6') in 0.051068 seconds
  Import took 0.076530 seconds .

========================================================================
Received Prepare
Shader 'Universal Render Pipeline/Particles/Lit': fallback shader 'Universal Render Pipeline/Particles/SimpleLit' not found
Refreshing native plugins compatible for Editor in 8057.86 ms, found 6 plugins.
Preloading 1 native plugins for Editor in 7.53 ms.
Unloading 62 Unused Serialized files (Serialized files now loaded: 0)
System memory in use before: 153.2 MB.
System memory in use after: 153.4 MB.

Unloading 62 unused Assets to reduce memory usage. Loaded Objects now: 3618.
Total: 860.695800 ms (FindLiveObjects: 199.397400 ms CreateObjectMapping: 2.581200 ms MarkObjects: 658.352800 ms  DeleteObjects: 0.359000 ms)

========================================================================
Received Prepare
Shader 'Universal Render Pipeline/Particles/Lit': fallback shader 'Universal Render Pipeline/Particles/SimpleLit' not found
Refreshing native plugins compatible for Editor in 141.39 ms, found 6 plugins.
Preloading 1 native plugins for Editor in 29.89 ms.
Unloading 62 Unused Serialized files (Serialized files now loaded: 0)
System memory in use before: 153.2 MB.
System memory in use after: 153.4 MB.

Unloading 62 unused Assets to reduce memory usage. Loaded Objects now: 3618.
Total: 473.158900 ms (FindLiveObjects: 165.042200 ms CreateObjectMapping: 2.326600 ms MarkObjects: 305.603000 ms  DeleteObjects: 0.180700 ms)

========================================================================
Received Prepare
Shader 'Universal Render Pipeline/Particles/Lit': fallback shader 'Universal Render Pipeline/Particles/SimpleLit' not found
Refreshing native plugins compatible for Editor in 11903.24 ms, found 6 plugins.
Preloading 1 native plugins for Editor in 10.71 ms.
Unloading 62 Unused Serialized files (Serialized files now loaded: 0)
System memory in use before: 153.2 MB.
System memory in use after: 153.4 MB.

Unloading 62 unused Assets to reduce memory usage. Loaded Objects now: 3618.
Total: 454.906500 ms (FindLiveObjects: 172.388900 ms CreateObjectMapping: 2.885400 ms MarkObjects: 279.149200 ms  DeleteObjects: 0.476200 ms)

========================================================================
Received Prepare
Shader 'Universal Render Pipeline/Particles/Lit': fallback shader 'Universal Render Pipeline/Particles/SimpleLit' not found
Refreshing native plugins compatible for Editor in 10418.06 ms, found 6 plugins.
Preloading 1 native plugins for Editor in 11.70 ms.
Unloading 62 Unused Serialized files (Serialized files now loaded: 0)
System memory in use before: 153.2 MB.
System memory in use after: 153.4 MB.

Unloading 62 unused Assets to reduce memory usage. Loaded Objects now: 3618.
Total: 575.637200 ms (FindLiveObjects: 256.120300 ms CreateObjectMapping: 9.766900 ms MarkObjects: 309.418100 ms  DeleteObjects: 0.323300 ms)

========================================================================
Received Prepare
Shader 'Universal Render Pipeline/Particles/Lit': fallback shader 'Universal Render Pipeline/Particles/SimpleLit' not found
Refreshing native plugins compatible for Editor in 172.93 ms, found 6 plugins.
Preloading 1 native plugins for Editor in 7.18 ms.
Unloading 62 Unused Serialized files (Serialized files now loaded: 0)
System memory in use before: 153.2 MB.
System memory in use after: 153.4 MB.

Unloading 62 unused Assets to reduce memory usage. Loaded Objects now: 3618.
Total: 518.125000 ms (FindLiveObjects: 160.736100 ms CreateObjectMapping: 2.822000 ms MarkObjects: 353.944100 ms  DeleteObjects: 0.616700 ms)

========================================================================
Received Prepare
Shader 'Universal Render Pipeline/Particles/Lit': fallback shader 'Universal Render Pipeline/Particles/SimpleLit' not found
Refreshing native plugins compatible for Editor in 8430.29 ms, found 6 plugins.
Preloading 1 native plugins for Editor in 81.99 ms.
Unloading 62 Unused Serialized files (Serialized files now loaded: 0)
System memory in use before: 153.2 MB.
System memory in use after: 153.4 MB.

Unloading 62 unused Assets to reduce memory usage. Loaded Objects now: 3618.
Total: 662.920800 ms (FindLiveObjects: 202.972000 ms CreateObjectMapping: 2.769300 ms MarkObjects: 456.151300 ms  DeleteObjects: 1.020800 ms)

========================================================================
Received Prepare
Shader 'Universal Render Pipeline/Particles/Lit': fallback shader 'Universal Render Pipeline/Particles/SimpleLit' not found
Refreshing native plugins compatible for Editor in 3087.77 ms, found 6 plugins.
Preloading 1 native plugins for Editor in 12.33 ms.
Unloading 62 Unused Serialized files (Serialized files now loaded: 0)
System memory in use before: 153.2 MB.
System memory in use after: 153.4 MB.

Unloading 62 unused Assets to reduce memory usage. Loaded Objects now: 3618.
Total: 617.086300 ms (FindLiveObjects: 156.427800 ms CreateObjectMapping: 2.398100 ms MarkObjects: 458.140400 ms  DeleteObjects: 0.114800 ms)

========================================================================
Received Prepare
Shader 'Universal Render Pipeline/Particles/Lit': fallback shader 'Universal Render Pipeline/Particles/SimpleLit' not found
Refreshing native plugins compatible for Editor in 7824.11 ms, found 6 plugins.
Preloading 1 native plugins for Editor in 8.90 ms.
Unloading 62 Unused Serialized files (Serialized files now loaded: 0)
System memory in use before: 153.2 MB.
System memory in use after: 153.4 MB.

Unloading 62 unused Assets to reduce memory usage. Loaded Objects now: 3618.
Total: 600.845900 ms (FindLiveObjects: 185.987600 ms CreateObjectMapping: 2.100200 ms MarkObjects: 412.440700 ms  DeleteObjects: 0.309900 ms)

========================================================================
Received Prepare
Shader 'Universal Render Pipeline/Particles/Lit': fallback shader 'Universal Render Pipeline/Particles/SimpleLit' not found
Refreshing native plugins compatible for Editor in 10887.93 ms, found 6 plugins.
Preloading 1 native plugins for Editor in 17.05 ms.
Unloading 62 Unused Serialized files (Serialized files now loaded: 0)
System memory in use before: 153.2 MB.
System memory in use after: 153.4 MB.

Unloading 62 unused Assets to reduce memory usage. Loaded Objects now: 3618.
Total: 772.810000 ms (FindLiveObjects: 191.820800 ms CreateObjectMapping: 2.007000 ms MarkObjects: 578.083100 ms  DeleteObjects: 0.879800 ms)

AssetImportWorkerClient::OnTransportError - code=2 error=End of file
