Using pre-set license
Built from '2020.2/staging' branch; Version is '2020.2.6f1 (8a2143876886) revision 9052483'; Using compiler version '192528614'; Build Type 'Release'
OS: 'Windows 10 Pro; OS build 19043.1237; Version 2009; 64bit' Language: 'en' Physical Memory: 16191 MB
BatchMode: 1, IsHumanControllingUs: 0, StartBugReporterOnCrash: 0, Is64bit: 1, IsPro: 0

 COMMAND LINE ARGUMENTS:
C:\Program Files\Unity\Hub\Editor\2020.2.6f1\Editor\Unity.exe
-adb2
-batchMode
-noUpm
-name
AssetImportWorker0
-projectPath
C:/Users/35389/Desktop/Magic-Escape VR
-logFile
Logs/AssetImportWorker0.log
-srvPort
64893
Successfully changed project path to: C:/Users/35389/Desktop/Magic-Escape VR
C:/Users/35389/Desktop/Magic-Escape VR
Using Asset Import Pipeline V2.
Refreshing native plugins compatible for Editor in 78.10 ms, found 3 plugins.
Preloading 1 native plugins for Editor in 2.05 ms.
Initialize engine version: 2020.2.6f1 (8a2143876886)
[Subsystems] Discovering subsystems at path C:/Program Files/Unity/Hub/Editor/2020.2.6f1/Editor/Data/Resources/UnitySubsystems
[Subsystems] Discovering subsystems at path C:/Users/35389/Desktop/Magic-Escape VR/Assets
GfxDevice: creating device client; threaded=0
Direct3D:
    Version:  Direct3D 11.0 [level 11.1]
    Renderer: NVIDIA Quadro T1000 (ID=0x1fb9)
    Vendor:   
    VRAM:     3962 MB
    Driver:   27.21.14.6294
Initialize mono
Mono path[0] = 'C:/Program Files/Unity/Hub/Editor/2020.2.6f1/Editor/Data/Managed'
Mono path[1] = 'C:/Program Files/Unity/Hub/Editor/2020.2.6f1/Editor/Data/MonoBleedingEdge/lib/mono/unityjit'
Mono config path = 'C:/Program Files/Unity/Hub/Editor/2020.2.6f1/Editor/Data/MonoBleedingEdge/etc'
Using monoOptions --debugger-agent=transport=dt_socket,embedding=1,server=y,suspend=n,address=127.0.0.1:56156
Begin MonoManager ReloadAssembly
Registering precompiled unity dll's ...
Register platform support module: C:/Program Files/Unity/Hub/Editor/2020.2.6f1/Editor/Data/PlaybackEngines/WebGLSupport/UnityEditor.WebGL.Extensions.dll
Register platform support module: C:/Program Files/Unity/Hub/Editor/2020.2.6f1/Editor/Data/PlaybackEngines/WindowsStandaloneSupport/UnityEditor.WindowsStandalone.Extensions.dll
Registered in 0.003188 seconds.
Native extension for WindowsStandalone target not found
Native extension for WebGL target not found
Refreshing native plugins compatible for Editor in 50.39 ms, found 3 plugins.
Preloading 1 native plugins for Editor in 0.18 ms.
Invoked RoslynAnalysisRunner static constructor.
RoslynAnalysisRunner will not be running.
RoslynAnalysisRunner has terminated.
Mono: successfully reloaded assembly
- Completed reload, in  5.251 seconds
Platform modules already initialized, skipping
Registering precompiled user dll's ...
Registered in 0.003741 seconds.
Begin MonoManager ReloadAssembly
Native extension for WindowsStandalone target not found
Native extension for WebGL target not found
Refreshing native plugins compatible for Editor in 46.92 ms, found 3 plugins.
Preloading 1 native plugins for Editor in 0.10 ms.
Invoked RoslynAnalysisRunner static constructor.
RoslynAnalysisRunner will not be running.
RoslynAnalysisRunner has terminated.
[XR] OculusXRPlugin: registering subsystems
[XR] Unable to register display lifecyle provider: [1]
[XR] Oculus Input lifecycle provider registered.
[XR] Unable to register input lifecyle provider: [1]
NullReferenceException: Object reference not set to an instance of an object
  at Unity.XR.Oculus.OculusLoader.AssetPathToAbsolutePath (System.String assetPath) [0x00048] in C:\Users\35389\Desktop\Magic-Escape VR\Library\PackageCache\com.unity.xr.oculus@1.7.0\Runtime\OculusLoader.cs:243 
  at Unity.XR.Oculus.OculusLoader.EditorLoadOVRPlugin () [0x0007b] in C:\Users\35389\Desktop\Magic-Escape VR\Library\PackageCache\com.unity.xr.oculus@1.7.0\Runtime\OculusLoader.cs:228 

(Filename: Library/PackageCache/com.unity.xr.oculus@1.7.0/Runtime/OculusLoader.cs Line: 243)

Mono: successfully reloaded assembly
- Completed reload, in  1.002 seconds
Platform modules already initialized, skipping
========================================================================
Worker process is ready to serve import requests
Shader 'Universal Render Pipeline/Particles/Lit': fallback shader 'Universal Render Pipeline/Particles/SimpleLit' not found
Shader 'Universal Render Pipeline/Particles/Lit': fallback shader 'Universal Render Pipeline/Particles/SimpleLit' not found
Launched and connected shader compiler UnityShaderCompiler.exe after 0.05 seconds
Refreshing native plugins compatible for Editor in 0.55 ms, found 3 plugins.
Preloading 1 native plugins for Editor in 0.10 ms.
Unloading 2940 Unused Serialized files (Serialized files now loaded: 0)
System memory in use before: 132.0 MB.
System memory in use after: 129.9 MB.

Unloading 47 unused Assets to reduce memory usage. Loaded Objects now: 3359.
Total: 3.648700 ms (FindLiveObjects: 0.382700 ms CreateObjectMapping: 0.293200 ms MarkObjects: 1.926000 ms  DeleteObjects: 1.045300 ms)

========================================================================
Received Import Request.
  path: ProjectSettings/TagManager.asset
  artifactKey: Guid(00000000000000003000000000000000) Importer(815301076,1909f56bfc062723c751e8b465ee728b)
Start importing ProjectSettings/TagManager.asset using Guid(00000000000000003000000000000000) Importer(815301076,1909f56bfc062723c751e8b465ee728b)  -> (artifact id: '659365ef276a0bf892a3943ab237a06f') in 0.046258 seconds
  Import took 0.053449 seconds .

========================================================================
Received Import Request.
  Time since last request: 204.787377 seconds.
  path: Assets/Custom Reticle
  artifactKey: Guid(b933369e0fbe24e419830c6358742bbb) Importer(815301076,1909f56bfc062723c751e8b465ee728b)
Start importing Assets/Custom Reticle using Guid(b933369e0fbe24e419830c6358742bbb) Importer(815301076,1909f56bfc062723c751e8b465ee728b)  -> (artifact id: '41cefef50bc6e1635aa7e80757da8fa7') in 0.012039 seconds
  Import took 0.017450 seconds .

========================================================================
Received Import Request.
  Time since last request: 0.001045 seconds.
  path: Assets/Custom Reticle
  artifactKey: Guid(b933369e0fbe24e419830c6358742bbb) Importer(815301076,1909f56bfc062723c751e8b465ee728b)
Start importing Assets/Custom Reticle using Guid(b933369e0fbe24e419830c6358742bbb) Importer(815301076,1909f56bfc062723c751e8b465ee728b)  -> (artifact id: '41cefef50bc6e1635aa7e80757da8fa7') in 0.013419 seconds
  Import took 0.018177 seconds .

========================================================================
Received Import Request.
  Time since last request: 20.174334 seconds.
  path: Assets/Custom Reticle/Prefabs
  artifactKey: Guid(306882e8af6d94c45a1b16d299e7a0f1) Importer(815301076,1909f56bfc062723c751e8b465ee728b)
Start importing Assets/Custom Reticle/Prefabs using Guid(306882e8af6d94c45a1b16d299e7a0f1) Importer(815301076,1909f56bfc062723c751e8b465ee728b)  -> (artifact id: 'eabb622109fecebce9343ba1d2526177') in 0.017826 seconds
  Import took 0.023791 seconds .

========================================================================
Received Import Request.
  Time since last request: 2.162780 seconds.
  path: Assets/Custom Reticle/Prefabs/TeleportReticle.prefab
  artifactKey: Guid(ba7331f932a688a4f8e39cea819590de) Importer(815301076,1909f56bfc062723c751e8b465ee728b)
Start importing Assets/Custom Reticle/Prefabs/TeleportReticle.prefab using Guid(ba7331f932a688a4f8e39cea819590de) Importer(815301076,1909f56bfc062723c751e8b465ee728b)  -> (artifact id: 'ce4024b3deb103386b0e919a2baa93de') in 0.213798 seconds
  Import took 0.218938 seconds .

========================================================================
Received Import Request.
  Time since last request: 3.922810 seconds.
  path: Assets/Custom Reticle/Materials
  artifactKey: Guid(4007dfc25fb3a7442aa9de6f2d8ae59f) Importer(815301076,1909f56bfc062723c751e8b465ee728b)
Start importing Assets/Custom Reticle/Materials using Guid(4007dfc25fb3a7442aa9de6f2d8ae59f) Importer(815301076,1909f56bfc062723c751e8b465ee728b)  -> (artifact id: '86d359bc3766c241fcabec1dcd118b8b') in 0.010276 seconds
  Import took 0.016838 seconds .

========================================================================
Received Prepare
Shader 'Universal Render Pipeline/Particles/Lit': fallback shader 'Universal Render Pipeline/Particles/SimpleLit' not found
Shader 'Universal Render Pipeline/Particles/Lit': fallback shader 'Universal Render Pipeline/Particles/SimpleLit' not found
Refreshing native plugins compatible for Editor in 1.57 ms, found 3 plugins.
Preloading 1 native plugins for Editor in 0.10 ms.
Unloading 37 Unused Serialized files (Serialized files now loaded: 0)
System memory in use before: 77.2 MB.
System memory in use after: 75.2 MB.

Unloading 38 unused Assets to reduce memory usage. Loaded Objects now: 3431.
Total: 5.441500 ms (FindLiveObjects: 0.450900 ms CreateObjectMapping: 0.159800 ms MarkObjects: 3.553700 ms  DeleteObjects: 1.275000 ms)

========================================================================
Received Prepare
Registering precompiled user dll's ...
Registered in 0.143852 seconds.
Begin MonoManager ReloadAssembly
Native extension for WindowsStandalone target not found
Native extension for WebGL target not found
Refreshing native plugins compatible for Editor in 0.57 ms, found 3 plugins.
Preloading 1 native plugins for Editor in 0.11 ms.
Invoked RoslynAnalysisRunner static constructor.
RoslynAnalysisRunner will not be running.
RoslynAnalysisRunner has terminated.
NullReferenceException: Object reference not set to an instance of an object
  at Unity.XR.Oculus.OculusLoader.AssetPathToAbsolutePath (System.String assetPath) [0x00048] in C:\Users\35389\Desktop\Magic-Escape VR\Library\PackageCache\com.unity.xr.oculus@1.7.0\Runtime\OculusLoader.cs:243 
  at Unity.XR.Oculus.OculusLoader.EditorLoadOVRPlugin () [0x0007b] in C:\Users\35389\Desktop\Magic-Escape VR\Library\PackageCache\com.unity.xr.oculus@1.7.0\Runtime\OculusLoader.cs:228 

(Filename: Library/PackageCache/com.unity.xr.oculus@1.7.0/Runtime/OculusLoader.cs Line: 243)

Mono: successfully reloaded assembly
- Completed reload, in  1.160 seconds
Platform modules already initialized, skipping
Switching build target platform(5) subTarget(0) extendedPlatform(0) -> platform(13) subTarget(524294) extendedPlatform(0)
Shader 'Universal Render Pipeline/Particles/Lit': fallback shader 'Universal Render Pipeline/Particles/SimpleLit' not found
Shader 'Universal Render Pipeline/Particles/Lit': fallback shader 'Universal Render Pipeline/Particles/SimpleLit' not found
Refreshing native plugins compatible for Editor in 0.59 ms, found 3 plugins.
Preloading 1 native plugins for Editor in 0.14 ms.
Unloading 2901 Unused Serialized files (Serialized files now loaded: 0)
System memory in use before: 151.7 MB.
System memory in use after: 149.1 MB.

Unloading 53 unused Assets to reduce memory usage. Loaded Objects now: 3441.
Total: 12.398700 ms (FindLiveObjects: 1.356800 ms CreateObjectMapping: 0.170300 ms MarkObjects: 9.381400 ms  DeleteObjects: 1.487500 ms)

AssetImportParameters requested are different than current active one (requested -> active):
  custom:graphics/normal-map-encoding: 01000000000000000000000000000000 -> 02000000000000000000000000000000
========================================================================
Received Import Request.
  Time since last request: 11745.964463 seconds.
  path: Assets/Images
  artifactKey: Guid(3688daad823aca64998e61b76d86f4d8) Importer(815301076,1909f56bfc062723c751e8b465ee728b)
Start importing Assets/Images using Guid(3688daad823aca64998e61b76d86f4d8) Importer(815301076,1909f56bfc062723c751e8b465ee728b)  -> (artifact id: 'a07a83dcd72a4f5e123e525283479b06') in 0.020025 seconds
  Import took 0.026844 seconds .

========================================================================
Received Import Request.
  Time since last request: 16.872482 seconds.
  path: Assets/Images/ME UI Placeholder.png
  artifactKey: Guid(c4ceaf2e81abafa46a0fea008e9d706e) Importer(815301076,1909f56bfc062723c751e8b465ee728b)
Start importing Assets/Images/ME UI Placeholder.png using Guid(c4ceaf2e81abafa46a0fea008e9d706e) Importer(815301076,1909f56bfc062723c751e8b465ee728b)  -> (artifact id: '070328e69820265c02e1fe16d28a1c41') in 0.287783 seconds
  Import took 0.294449 seconds .

========================================================================
Received Import Request.
  Time since last request: 24.296100 seconds.
  path: Assets/Images/ME UI Placeholder.png
  artifactKey: Guid(c4ceaf2e81abafa46a0fea008e9d706e) Importer(815301076,1909f56bfc062723c751e8b465ee728b)
Start importing Assets/Images/ME UI Placeholder.png using Guid(c4ceaf2e81abafa46a0fea008e9d706e) Importer(815301076,1909f56bfc062723c751e8b465ee728b)  -> (artifact id: 'ae0f69174c79c83ad0195caa4d0708b8') in 0.186638 seconds
  Import took 0.191715 seconds .

========================================================================
Received Prepare
Registering precompiled user dll's ...
Registered in 0.007555 seconds.
Begin MonoManager ReloadAssembly
Native extension for WindowsStandalone target not found
Native extension for WebGL target not found
Refreshing native plugins compatible for Editor in 0.55 ms, found 3 plugins.
Preloading 1 native plugins for Editor in 0.11 ms.
Invoked RoslynAnalysisRunner static constructor.
RoslynAnalysisRunner will not be running.
RoslynAnalysisRunner has terminated.
NullReferenceException: Object reference not set to an instance of an object
  at Unity.XR.Oculus.OculusLoader.AssetPathToAbsolutePath (System.String assetPath) [0x00048] in C:\Users\35389\Desktop\Magic-Escape VR\Library\PackageCache\com.unity.xr.oculus@1.7.0\Runtime\OculusLoader.cs:243 
  at Unity.XR.Oculus.OculusLoader.EditorLoadOVRPlugin () [0x0007b] in C:\Users\35389\Desktop\Magic-Escape VR\Library\PackageCache\com.unity.xr.oculus@1.7.0\Runtime\OculusLoader.cs:228 

(Filename: Library/PackageCache/com.unity.xr.oculus@1.7.0/Runtime/OculusLoader.cs Line: 243)

Mono: successfully reloaded assembly
- Completed reload, in  1.039 seconds
Platform modules already initialized, skipping
Switching build target platform(5) subTarget(0) extendedPlatform(0) -> platform(13) subTarget(524294) extendedPlatform(0)
Shader 'Universal Render Pipeline/Particles/Lit': fallback shader 'Universal Render Pipeline/Particles/SimpleLit' not found
Shader 'Universal Render Pipeline/Particles/Lit': fallback shader 'Universal Render Pipeline/Particles/SimpleLit' not found
Refreshing native plugins compatible for Editor in 0.58 ms, found 3 plugins.
Preloading 1 native plugins for Editor in 0.11 ms.
Unloading 2902 Unused Serialized files (Serialized files now loaded: 0)
System memory in use before: 154.5 MB.
System memory in use after: 151.8 MB.

Unloading 53 unused Assets to reduce memory usage. Loaded Objects now: 3450.
Total: 3.922800 ms (FindLiveObjects: 0.245700 ms CreateObjectMapping: 0.112500 ms MarkObjects: 2.075600 ms  DeleteObjects: 1.487600 ms)

AssetImportParameters requested are different than current active one (requested -> active):
  custom:graphics/normal-map-encoding: 01000000000000000000000000000000 -> 02000000000000000000000000000000
========================================================================
Received Import Request.
  Time since last request: 3627.314916 seconds.
  path: Assets/Samples/XR Interaction Toolkit/1.0.0-pre.2/Default Input Actions/XRI Default Input Actions.inputactions
  artifactKey: Guid(c348712bda248c246b8c49b3db54643f) Importer(815301076,1909f56bfc062723c751e8b465ee728b)
Start importing Assets/Samples/XR Interaction Toolkit/1.0.0-pre.2/Default Input Actions/XRI Default Input Actions.inputactions using Guid(c348712bda248c246b8c49b3db54643f) Importer(815301076,1909f56bfc062723c751e8b465ee728b)  -> (artifact id: '2bf621069605dafda5c6fa9c6e33c66d') in 0.041723 seconds
  Import took 0.048793 seconds .

========================================================================
Received Prepare
Registering precompiled user dll's ...
Registered in 0.004256 seconds.
Begin MonoManager ReloadAssembly
Native extension for WindowsStandalone target not found
Native extension for WebGL target not found
Refreshing native plugins compatible for Editor in 0.59 ms, found 3 plugins.
Preloading 1 native plugins for Editor in 0.10 ms.
Invoked RoslynAnalysisRunner static constructor.
RoslynAnalysisRunner will not be running.
RoslynAnalysisRunner has terminated.
NullReferenceException: Object reference not set to an instance of an object
  at Unity.XR.Oculus.OculusLoader.AssetPathToAbsolutePath (System.String assetPath) [0x00048] in C:\Users\35389\Desktop\Magic-Escape VR\Library\PackageCache\com.unity.xr.oculus@1.7.0\Runtime\OculusLoader.cs:243 
  at Unity.XR.Oculus.OculusLoader.EditorLoadOVRPlugin () [0x0007b] in C:\Users\35389\Desktop\Magic-Escape VR\Library\PackageCache\com.unity.xr.oculus@1.7.0\Runtime\OculusLoader.cs:228 

(Filename: Library/PackageCache/com.unity.xr.oculus@1.7.0/Runtime/OculusLoader.cs Line: 243)

Mono: successfully reloaded assembly
- Completed reload, in  1.051 seconds
Platform modules already initialized, skipping
Switching build target platform(5) subTarget(0) extendedPlatform(0) -> platform(13) subTarget(524294) extendedPlatform(0)
Shader 'Universal Render Pipeline/Particles/Lit': fallback shader 'Universal Render Pipeline/Particles/SimpleLit' not found
Shader 'Universal Render Pipeline/Particles/Lit': fallback shader 'Universal Render Pipeline/Particles/SimpleLit' not found
Refreshing native plugins compatible for Editor in 0.56 ms, found 3 plugins.
Preloading 1 native plugins for Editor in 0.11 ms.
Unloading 2903 Unused Serialized files (Serialized files now loaded: 0)
System memory in use before: 154.8 MB.
System memory in use after: 152.1 MB.

Unloading 53 unused Assets to reduce memory usage. Loaded Objects now: 3454.
Total: 3.984300 ms (FindLiveObjects: 0.299300 ms CreateObjectMapping: 0.107000 ms MarkObjects: 2.203300 ms  DeleteObjects: 1.373000 ms)

AssetImportParameters requested are different than current active one (requested -> active):
  custom:graphics/normal-map-encoding: 01000000000000000000000000000000 -> 02000000000000000000000000000000
========================================================================
Received Import Request.
  Time since last request: 2753.694131 seconds.
  path: Assets/Scripts/ButtonInteraction.cs
  artifactKey: Guid(2b3b19478ba26ac4296cb5e8522c6ca4) Importer(815301076,1909f56bfc062723c751e8b465ee728b)
Start importing Assets/Scripts/ButtonInteraction.cs using Guid(2b3b19478ba26ac4296cb5e8522c6ca4) Importer(815301076,1909f56bfc062723c751e8b465ee728b)  -> (artifact id: '57c4610b73abe7893b2a4fce8e81ab9a') in 0.023341 seconds
  Import took 0.028758 seconds .

========================================================================
Received Import Request.
  Time since last request: 0.005079 seconds.
  path: Assets/Scripts/ButtonInteraction.cs
  artifactKey: Guid(2b3b19478ba26ac4296cb5e8522c6ca4) Importer(815301076,1909f56bfc062723c751e8b465ee728b)
Start importing Assets/Scripts/ButtonInteraction.cs using Guid(2b3b19478ba26ac4296cb5e8522c6ca4) Importer(815301076,1909f56bfc062723c751e8b465ee728b)  -> (artifact id: '57c4610b73abe7893b2a4fce8e81ab9a') in 0.012103 seconds
  Import took 0.017185 seconds .

========================================================================
Received Prepare
Registering precompiled user dll's ...
Registered in 0.011379 seconds.
Begin MonoManager ReloadAssembly
Native extension for WindowsStandalone target not found
Native extension for WebGL target not found
Refreshing native plugins compatible for Editor in 0.57 ms, found 3 plugins.
Preloading 1 native plugins for Editor in 0.11 ms.
Invoked RoslynAnalysisRunner static constructor.
RoslynAnalysisRunner will not be running.
RoslynAnalysisRunner has terminated.
NullReferenceException: Object reference not set to an instance of an object
  at Unity.XR.Oculus.OculusLoader.AssetPathToAbsolutePath (System.String assetPath) [0x00048] in C:\Users\35389\Desktop\Magic-Escape VR\Library\PackageCache\com.unity.xr.oculus@1.7.0\Runtime\OculusLoader.cs:243 
  at Unity.XR.Oculus.OculusLoader.EditorLoadOVRPlugin () [0x0007b] in C:\Users\35389\Desktop\Magic-Escape VR\Library\PackageCache\com.unity.xr.oculus@1.7.0\Runtime\OculusLoader.cs:228 

(Filename: Library/PackageCache/com.unity.xr.oculus@1.7.0/Runtime/OculusLoader.cs Line: 243)

Mono: successfully reloaded assembly
- Completed reload, in  1.029 seconds
Platform modules already initialized, skipping
Switching build target platform(5) subTarget(0) extendedPlatform(0) -> platform(13) subTarget(524294) extendedPlatform(0)
Shader 'Universal Render Pipeline/Particles/Lit': fallback shader 'Universal Render Pipeline/Particles/SimpleLit' not found
Shader 'Universal Render Pipeline/Particles/Lit': fallback shader 'Universal Render Pipeline/Particles/SimpleLit' not found
Refreshing native plugins compatible for Editor in 0.55 ms, found 3 plugins.
Preloading 1 native plugins for Editor in 0.11 ms.
Unloading 2903 Unused Serialized files (Serialized files now loaded: 0)
System memory in use before: 154.8 MB.
System memory in use after: 152.2 MB.

Unloading 53 unused Assets to reduce memory usage. Loaded Objects now: 3457.
Total: 4.265600 ms (FindLiveObjects: 0.474300 ms CreateObjectMapping: 0.236700 ms MarkObjects: 2.060900 ms  DeleteObjects: 1.491400 ms)

AssetImportParameters requested are different than current active one (requested -> active):
  custom:graphics/normal-map-encoding: 01000000000000000000000000000000 -> 02000000000000000000000000000000
========================================================================
Received Prepare
Shader 'Universal Render Pipeline/Particles/Lit': fallback shader 'Universal Render Pipeline/Particles/SimpleLit' not found
Shader 'Universal Render Pipeline/Particles/Lit': fallback shader 'Universal Render Pipeline/Particles/SimpleLit' not found
Refreshing native plugins compatible for Editor in 1.65 ms, found 3 plugins.
Preloading 1 native plugins for Editor in 0.09 ms.
Unloading 50 Unused Serialized files (Serialized files now loaded: 0)
System memory in use before: 91.2 MB.
System memory in use after: 88.5 MB.

Unloading 50 unused Assets to reduce memory usage. Loaded Objects now: 3457.
Total: 5.160100 ms (FindLiveObjects: 0.329200 ms CreateObjectMapping: 0.164100 ms MarkObjects: 3.115200 ms  DeleteObjects: 1.550400 ms)

========================================================================
Received Prepare
Shader 'Universal Render Pipeline/Particles/Lit': fallback shader 'Universal Render Pipeline/Particles/SimpleLit' not found
Shader 'Universal Render Pipeline/Particles/Lit': fallback shader 'Universal Render Pipeline/Particles/SimpleLit' not found
Refreshing native plugins compatible for Editor in 1.54 ms, found 3 plugins.
Preloading 1 native plugins for Editor in 0.10 ms.
Unloading 50 Unused Serialized files (Serialized files now loaded: 0)
System memory in use before: 91.1 MB.
System memory in use after: 88.5 MB.

Unloading 50 unused Assets to reduce memory usage. Loaded Objects now: 3457.
Total: 5.794100 ms (FindLiveObjects: 0.394000 ms CreateObjectMapping: 0.169700 ms MarkObjects: 3.554200 ms  DeleteObjects: 1.674700 ms)

========================================================================
Received Prepare
Shader 'Universal Render Pipeline/Particles/Lit': fallback shader 'Universal Render Pipeline/Particles/SimpleLit' not found
Shader 'Universal Render Pipeline/Particles/Lit': fallback shader 'Universal Render Pipeline/Particles/SimpleLit' not found
Refreshing native plugins compatible for Editor in 1.86 ms, found 3 plugins.
Preloading 1 native plugins for Editor in 0.10 ms.
Unloading 50 Unused Serialized files (Serialized files now loaded: 0)
System memory in use before: 91.1 MB.
System memory in use after: 88.5 MB.

Unloading 50 unused Assets to reduce memory usage. Loaded Objects now: 3457.
Total: 5.868000 ms (FindLiveObjects: 0.622600 ms CreateObjectMapping: 0.238600 ms MarkObjects: 3.048900 ms  DeleteObjects: 1.955800 ms)

========================================================================
Received Prepare
Shader 'Universal Render Pipeline/Particles/Lit': fallback shader 'Universal Render Pipeline/Particles/SimpleLit' not found
Shader 'Universal Render Pipeline/Particles/Lit': fallback shader 'Universal Render Pipeline/Particles/SimpleLit' not found
Refreshing native plugins compatible for Editor in 2.71 ms, found 3 plugins.
Preloading 1 native plugins for Editor in 0.10 ms.
Unloading 50 Unused Serialized files (Serialized files now loaded: 0)
System memory in use before: 91.1 MB.
System memory in use after: 88.5 MB.

Unloading 50 unused Assets to reduce memory usage. Loaded Objects now: 3457.
Total: 6.462400 ms (FindLiveObjects: 0.366400 ms CreateObjectMapping: 0.166900 ms MarkObjects: 3.926400 ms  DeleteObjects: 2.001400 ms)

========================================================================
Received Prepare
Shader 'Universal Render Pipeline/Particles/Lit': fallback shader 'Universal Render Pipeline/Particles/SimpleLit' not found
Shader 'Universal Render Pipeline/Particles/Lit': fallback shader 'Universal Render Pipeline/Particles/SimpleLit' not found
Refreshing native plugins compatible for Editor in 1.69 ms, found 3 plugins.
Preloading 1 native plugins for Editor in 0.10 ms.
Unloading 50 Unused Serialized files (Serialized files now loaded: 0)
System memory in use before: 91.2 MB.
System memory in use after: 88.5 MB.

Unloading 50 unused Assets to reduce memory usage. Loaded Objects now: 3457.
Total: 5.552400 ms (FindLiveObjects: 0.604100 ms CreateObjectMapping: 0.265100 ms MarkObjects: 2.997300 ms  DeleteObjects: 1.683300 ms)

========================================================================
Received Import Request.
  Time since last request: 3853.337868 seconds.
  path: Assets/Scripts/UI_InteractionController.cs
  artifactKey: Guid(80864053d98b8c94e8f9a85c754a16dc) Importer(815301076,1909f56bfc062723c751e8b465ee728b)
Start importing Assets/Scripts/UI_InteractionController.cs using Guid(80864053d98b8c94e8f9a85c754a16dc) Importer(815301076,1909f56bfc062723c751e8b465ee728b)  -> (artifact id: '7478204bb6777bd69d941210cffb08bb') in 0.029779 seconds
  Import took 0.044041 seconds .

========================================================================
Received Import Request.
  Time since last request: 3.168296 seconds.
  path: Assets/Scripts/ActionBasedControllerManager.cs
  artifactKey: Guid(5a6f7249fc3ddf6409d91daeded96f68) Importer(815301076,1909f56bfc062723c751e8b465ee728b)
Start importing Assets/Scripts/ActionBasedControllerManager.cs using Guid(5a6f7249fc3ddf6409d91daeded96f68) Importer(815301076,1909f56bfc062723c751e8b465ee728b)  -> (artifact id: 'ff8df7853872942b592c40ce01be3683') in 0.016212 seconds
  Import took 0.021398 seconds .

========================================================================
Received Import Request.
  Time since last request: 0.000963 seconds.
  path: Assets/Scripts/ActionBasedControllerManager.cs
  artifactKey: Guid(5a6f7249fc3ddf6409d91daeded96f68) Importer(815301076,1909f56bfc062723c751e8b465ee728b)
Start importing Assets/Scripts/ActionBasedControllerManager.cs using Guid(5a6f7249fc3ddf6409d91daeded96f68) Importer(815301076,1909f56bfc062723c751e8b465ee728b)  -> (artifact id: 'ff8df7853872942b592c40ce01be3683') in 0.014107 seconds
  Import took 0.018629 seconds .

========================================================================
Received Import Request.
  Time since last request: 2.361995 seconds.
  path: Assets/Scripts/ButtonInteraction.cs
  artifactKey: Guid(2b3b19478ba26ac4296cb5e8522c6ca4) Importer(815301076,1909f56bfc062723c751e8b465ee728b)
Start importing Assets/Scripts/ButtonInteraction.cs using Guid(2b3b19478ba26ac4296cb5e8522c6ca4) Importer(815301076,1909f56bfc062723c751e8b465ee728b)  -> (artifact id: '5bd46f37383f470eb464cf43789564ac') in 0.018575 seconds
  Import took 0.029519 seconds .

========================================================================
Received Import Request.
  Time since last request: 0.506956 seconds.
  path: Assets/Scripts/HandsControllerScript.cs
  artifactKey: Guid(a364cd8d8264ae448bf6265f40b22b5c) Importer(815301076,1909f56bfc062723c751e8b465ee728b)
Start importing Assets/Scripts/HandsControllerScript.cs using Guid(a364cd8d8264ae448bf6265f40b22b5c) Importer(815301076,1909f56bfc062723c751e8b465ee728b)  -> (artifact id: 'a83ede09c5e6c4d4f54ba5a11f6d4e42') in 0.021818 seconds
  Import took 0.029463 seconds .

========================================================================
Received Import Request.
  Time since last request: 2.490246 seconds.
  path: Assets/Scripts/SimpleCameraController.cs
  artifactKey: Guid(be76e5f14cfee674cb30b491fb72b09b) Importer(815301076,1909f56bfc062723c751e8b465ee728b)
Start importing Assets/Scripts/SimpleCameraController.cs using Guid(be76e5f14cfee674cb30b491fb72b09b) Importer(815301076,1909f56bfc062723c751e8b465ee728b)  -> (artifact id: '1ef3096b168cf1068515bd7cfb3dadb3') in 0.019232 seconds
  Import took 0.026462 seconds .

========================================================================
Received Import Request.
  Time since last request: 0.004926 seconds.
  path: Assets/Scripts/SimpleCameraController.cs
  artifactKey: Guid(be76e5f14cfee674cb30b491fb72b09b) Importer(815301076,1909f56bfc062723c751e8b465ee728b)
Start importing Assets/Scripts/SimpleCameraController.cs using Guid(be76e5f14cfee674cb30b491fb72b09b) Importer(815301076,1909f56bfc062723c751e8b465ee728b)  -> (artifact id: '1ef3096b168cf1068515bd7cfb3dadb3') in 0.011900 seconds
  Import took 0.023718 seconds .

AssetImportWorkerClient::OnTransportError - code=2 error=End of file
